c:\users\noano\desktop\개발관련\제품목록\배그\scouter\x64\release\vc142.pdb
c:\users\noano\desktop\개발관련\제품목록\배그\scouter\x64\release\imgui_widgets.obj
c:\users\noano\desktop\개발관련\제품목록\배그\scouter\x64\release\imgui_impl_win32.obj
c:\users\noano\desktop\개발관련\제품목록\배그\scouter\x64\release\imgui_impl_dx9.obj
c:\users\noano\desktop\개발관련\제품목록\배그\scouter\x64\release\imgui_draw.obj
c:\users\noano\desktop\개발관련\제품목록\배그\scouter\x64\release\imgui_demo.obj
c:\users\noano\desktop\개발관련\제품목록\배그\scouter\x64\release\imgui.obj
c:\users\noano\desktop\개발관련\제품목록\배그\scouter\x64\release\driverinterface.obj
c:\users\noano\desktop\개발관련\제품목록\배그\scouter\x64\release\sky.obj
c:\users\noano\desktop\개발관련\제품목록\배그\scouter\x64\release\flaksfhkasjfh13123125.ipdb
c:\users\noano\desktop\개발관련\제품목록\배그\scouter\x64\release\flaksfhkasjfh13123125.iobj
c:\users\noano\desktop\개발관련\제품목록\배그\scouter\x64\release\flaksfhkasjfh13123125.exe
c:\users\noano\desktop\개발관련\제품목록\배그\scouter\x64\release\flaksfhkasjfh13123125.pdb
c:\users\noano\desktop\개발관련\제품목록\배그\scouter\x64\release\flaksfhk.6054d18e.tlog\cl.command.1.tlog
c:\users\noano\desktop\개발관련\제품목록\배그\scouter\x64\release\flaksfhk.6054d18e.tlog\cl.read.1.tlog
c:\users\noano\desktop\개발관련\제품목록\배그\scouter\x64\release\flaksfhk.6054d18e.tlog\cl.write.1.tlog
c:\users\noano\desktop\개발관련\제품목록\배그\scouter\x64\release\flaksfhk.6054d18e.tlog\flaksfhkasjfh13123125.write.1u.tlog
c:\users\noano\desktop\개발관련\제품목록\배그\scouter\x64\release\flaksfhk.6054d18e.tlog\link.command.1.tlog
c:\users\noano\desktop\개발관련\제품목록\배그\scouter\x64\release\flaksfhk.6054d18e.tlog\link.read.1.tlog
c:\users\noano\desktop\개발관련\제품목록\배그\scouter\x64\release\flaksfhk.6054d18e.tlog\link.write.1.tlog
